[2022-08-22 16:50:25,731] {{taskinstance.py:655}} INFO - Dependencies all met for <TaskInstance: hello_nifi.failure_logging 2022-08-14T03:00:00+00:00 [queued]>
[2022-08-22 16:50:25,737] {{taskinstance.py:655}} INFO - Dependencies all met for <TaskInstance: hello_nifi.failure_logging 2022-08-14T03:00:00+00:00 [queued]>
[2022-08-22 16:50:25,737] {{taskinstance.py:866}} INFO - 
--------------------------------------------------------------------------------
[2022-08-22 16:50:25,738] {{taskinstance.py:867}} INFO - Starting attempt 1 of 1
[2022-08-22 16:50:25,738] {{taskinstance.py:868}} INFO - 
--------------------------------------------------------------------------------
[2022-08-22 16:50:25,910] {{taskinstance.py:887}} INFO - Executing <Task(PythonOperator): failure_logging> on 2022-08-14T03:00:00+00:00
[2022-08-22 16:50:25,913] {{standard_task_runner.py:53}} INFO - Started process 459 to run task
[2022-08-22 16:50:25,942] {{logging_mixin.py:112}} INFO - Running %s on host %s <TaskInstance: hello_nifi.failure_logging 2022-08-14T03:00:00+00:00 [running]> myairflow
[2022-08-22 16:50:25,949] {{logging_mixin.py:112}} INFO - something failed... cleaning up.
[2022-08-22 16:50:25,949] {{python_operator.py:114}} INFO - Done. Returned value was: None
[2022-08-22 16:50:25,952] {{taskinstance.py:1048}} INFO - Marking task as SUCCESS.dag_id=hello_nifi, task_id=failure_logging, execution_date=20220814T030000, start_date=20220822T165025, end_date=20220822T165025
[2022-08-22 16:50:35,724] {{logging_mixin.py:112}} INFO - [2022-08-22 16:50:35,723] {{local_task_job.py:103}} INFO - Task exited with return code 0
[2022-08-22 17:26:39,071] {{taskinstance.py:655}} INFO - Dependencies all met for <TaskInstance: hello_nifi.failure_logging 2022-08-14T03:00:00+00:00 [queued]>
[2022-08-22 17:26:39,076] {{taskinstance.py:655}} INFO - Dependencies all met for <TaskInstance: hello_nifi.failure_logging 2022-08-14T03:00:00+00:00 [queued]>
[2022-08-22 17:26:39,077] {{taskinstance.py:866}} INFO - 
--------------------------------------------------------------------------------
[2022-08-22 17:26:39,077] {{taskinstance.py:867}} INFO - Starting attempt 1 of 1
[2022-08-22 17:26:39,078] {{taskinstance.py:868}} INFO - 
--------------------------------------------------------------------------------
[2022-08-22 17:26:39,084] {{taskinstance.py:887}} INFO - Executing <Task(PythonOperator): failure_logging> on 2022-08-14T03:00:00+00:00
[2022-08-22 17:26:39,087] {{standard_task_runner.py:53}} INFO - Started process 2499 to run task
[2022-08-22 17:26:39,116] {{logging_mixin.py:112}} INFO - Running %s on host %s <TaskInstance: hello_nifi.failure_logging 2022-08-14T03:00:00+00:00 [running]> myairflow
[2022-08-22 17:26:39,124] {{logging_mixin.py:112}} INFO - something failed... cleaning up.
[2022-08-22 17:26:39,124] {{python_operator.py:114}} INFO - Done. Returned value was: None
[2022-08-22 17:26:39,126] {{taskinstance.py:1048}} INFO - Marking task as SUCCESS.dag_id=hello_nifi, task_id=failure_logging, execution_date=20220814T030000, start_date=20220822T172639, end_date=20220822T172639
[2022-08-22 17:26:49,070] {{logging_mixin.py:112}} INFO - [2022-08-22 17:26:49,070] {{local_task_job.py:103}} INFO - Task exited with return code 0
[2022-08-22 20:31:00,954] {{taskinstance.py:655}} INFO - Dependencies all met for <TaskInstance: hello_nifi.failure_logging 2022-08-14T03:00:00+00:00 [queued]>
[2022-08-22 20:31:00,960] {{taskinstance.py:655}} INFO - Dependencies all met for <TaskInstance: hello_nifi.failure_logging 2022-08-14T03:00:00+00:00 [queued]>
[2022-08-22 20:31:00,961] {{taskinstance.py:866}} INFO - 
--------------------------------------------------------------------------------
[2022-08-22 20:31:00,961] {{taskinstance.py:867}} INFO - Starting attempt 1 of 1
[2022-08-22 20:31:00,962] {{taskinstance.py:868}} INFO - 
--------------------------------------------------------------------------------
[2022-08-22 20:31:00,969] {{taskinstance.py:887}} INFO - Executing <Task(PythonOperator): failure_logging> on 2022-08-14T03:00:00+00:00
[2022-08-22 20:31:00,972] {{standard_task_runner.py:53}} INFO - Started process 2595 to run task
[2022-08-22 20:31:01,005] {{logging_mixin.py:112}} INFO - Running %s on host %s <TaskInstance: hello_nifi.failure_logging 2022-08-14T03:00:00+00:00 [running]> myairflow
[2022-08-22 20:31:01,017] {{logging_mixin.py:112}} INFO - something failed... cleaning up.
[2022-08-22 20:31:01,017] {{python_operator.py:114}} INFO - Done. Returned value was: None
[2022-08-22 20:31:01,020] {{taskinstance.py:1048}} INFO - Marking task as SUCCESS.dag_id=hello_nifi, task_id=failure_logging, execution_date=20220814T030000, start_date=20220822T203100, end_date=20220822T203101
[2022-08-22 20:31:10,947] {{logging_mixin.py:112}} INFO - [2022-08-22 20:31:10,947] {{local_task_job.py:103}} INFO - Task exited with return code 0
